#
# There is insufficient memory for the Java Runtime Environment to continue.
# Native memory allocation (mmap) failed to map 134217728 bytes for G1 virtual space
# Possible reasons:
#   The system is out of physical RAM or swap space
#   The process is running with CompressedOops enabled, and the Java Heap may be blocking the growth of the native heap
# Possible solutions:
#   Reduce memory load on the system
#   Increase physical memory or swap space
#   Check if swap backing store is full
#   Decrease Java heap size (-Xmx/-Xms)
#   Decrease number of Java threads
#   Decrease Java thread stack sizes (-Xss)
#   Set larger code cache with -XX:ReservedCodeCacheSize=
#   JVM is running with Unscaled Compressed Oops mode in which the Java heap is
#     placed in the first 4GB address space. The Java Heap base address is the
#     maximum limit for the native heap growth. Please use -XX:HeapBaseMinAddress
#     to set the Java Heap base and to place the Java Heap above 4GB virtual address.
# This output file may be truncated or incomplete.
#
#  Out of Memory Error (os_windows.cpp:3825), pid=41368, tid=87692
#
# JRE version:  (17.0.10+1) (build )
# Java VM: OpenJDK 64-Bit Server VM (17.0.10+1-b1087.17, mixed mode, sharing, tiered, compressed oops, compressed class ptrs, g1 gc, windows-amd64)
# No core dump will be written. Minidumps are not enabled by default on client versions of Windows
#

---------------  S U M M A R Y ------------

Command Line: git4idea.http.GitAskPassApp Username for 'https://github.com': 

Host: Intel(R) Core(TM) i7-3630QM CPU @ 2.40GHz, 8 cores, 7G,  Windows 10 , 64 bit Build 19041 (10.0.19041.3636)
Time: Mon Jul  8 13:34:25 2024 Azerbaijan Standard Time elapsed time: 0.054752 seconds (0d 0h 0m 0s)

---------------  T H R E A D  ---------------

Current thread (0x00000290698a14c0):  JavaThread "Unknown thread" [_thread_in_vm, id=87692, stack(0x000000d2f2500000,0x000000d2f2600000)]

Stack: [0x000000d2f2500000,0x000000d2f2600000]
Native frames: (J=compiled Java code, j=interpreted, Vv=VM code, C=native code)
V  [jvm.dll+0x688ac9]
V  [jvm.dll+0x84220a]
V  [jvm.dll+0x843e4e]
V  [jvm.dll+0x8444b3]
V  [jvm.dll+0x24ba8f]
V  [jvm.dll+0x685899]
V  [jvm.dll+0x67a14a]
V  [jvm.dll+0x30c7eb]
V  [jvm.dll+0x313c96]
V  [jvm.dll+0x363a2e]
V  [jvm.dll+0x363c5f]
V  [jvm.dll+0x2e25b8]
V  [jvm.dll+0x2e3524]
V  [jvm.dll+0x812d71]
V  [jvm.dll+0x3718e1]
V  [jvm.dll+0x7f18d6]
V  [jvm.dll+0x3f553f]
V  [jvm.dll+0x3f7171]
C  [jli.dll+0x528f]
C  [ucrtbase.dll+0x21bb2]
C  [KERNEL32.DLL+0x17344]
C  [ntdll.dll+0x4cc91]


---------------  P R O C E S S  ---------------

Threads class SMR info:
_java_thread_list=0x00007fff4478ef58, length=0, elements={
}

Java Threads: ( => current thread )

Other Threads:
  0x00000290698fa5c0 GCTaskThread "GC Thread#0" [stack: 0x000000d2f2600000,0x000000d2f2700000] [id=70792]
  0x000002906990b1d0 ConcurrentGCThread "G1 Main Marker" [stack: 0x000000d2f2700000,0x000000d2f2800000] [id=88400]
  0x000002906990c390 ConcurrentGCThread "G1 Conc#0" [stack: 0x000000d2f2800000,0x000000d2f2900000] [id=55548]

[error occurred during error reporting (printing all threads), id 0xc0000005, EXCEPTION_ACCESS_VIOLATION (0xc0000005) at pc=0x00007fff43f43187]

VM state: not at safepoint (not fully initialized)

VM Mutex/Monitor currently owned by a thread:  ([mutex/lock_event])
[0x000002906989b020] Heap_lock - owner thread: 0x00000290698a14c0

Heap address: 0x0000000081a00000, size: 2022 MB, Compressed Oops mode: 32-bit

CDS archive(s) mapped at: [0x0000000000000000-0x0000000000000000-0x0000000000000000), size 0, SharedBaseAddress: 0x0000000800000000, ArchiveRelocationMode: 1.
Narrow klass base: 0x0000000000000000, Narrow klass shift: 0, Narrow klass range: 0x0

GC Precious Log:
<Empty>

Heap:
 garbage-first heap   total 0K, used 0K [0x0000000081a00000, 0x0000000100000000)
  region size 1024K, 0 young (0K), 0 survivors (0K)
 Metaspace       used 0K, committed 0K, reserved 0K
  class space    used 0K, committed 0K, reserved 0K

Heap Regions: E=young(eden), S=young(survivor), O=old, HS=humongous(starts), HC=humongous(continues), CS=collection set, F=free, OA=open archive, CA=closed archive, TAMS=top-at-mark-start (previous, next)

Card table byte_map: [0x000002907c750000,0x000002907cb50000] _byte_map_base: 0x000002907c343000

Marking Bits (Prev, Next): (CMBitMap*) 0x00000290698fabe0, (CMBitMap*) 0x00000290698fac20
 Prev Bits: [0x000002907cf50000, 0x000002907eee8000)
 Next Bits: [0x0000029000000000, 0x0000029001f98000)

GC Heap History (0 events):
No events

Dll operation events (1 events):
Event: 0.008 Loaded shared library C:\Program Files\JetBrains\PhpStorm 2023.3.4\jbr\bin\java.dll

Deoptimization events (0 events):
No events

Classes unloaded (0 events):
No events

Classes redefined (0 events):
No events

Internal exceptions (0 events):
No events

VM Operations (0 events):
No events

Events (0 events):
No events


Dynamic libraries:
0x00007ff6c57a0000 - 0x00007ff6c57aa000 	C:\Program Files\JetBrains\PhpStorm 2023.3.4\jbr\bin\java.exe
0x00007fffc8130000 - 0x00007fffc8328000 	C:\Windows\SYSTEM32\ntdll.dll
0x00007fffc7fb0000 - 0x00007fffc806d000 	C:\Windows\System32\KERNEL32.DLL
0x00007fffc5d90000 - 0x00007fffc6086000 	C:\Windows\System32\KERNELBASE.dll
0x00007fffc5c90000 - 0x00007fffc5d90000 	C:\Windows\System32\ucrtbase.dll
0x00007fffc1c90000 - 0x00007fffc1ca7000 	C:\Program Files\JetBrains\PhpStorm 2023.3.4\jbr\bin\jli.dll
0x00007fffbc020000 - 0x00007fffbc03b000 	C:\Program Files\JetBrains\PhpStorm 2023.3.4\jbr\bin\VCRUNTIME140.dll
0x00007fffc66a0000 - 0x00007fffc683f000 	C:\Windows\System32\USER32.dll
0x00007fffc5940000 - 0x00007fffc5962000 	C:\Windows\System32\win32u.dll
0x00007fffc7580000 - 0x00007fffc75ab000 	C:\Windows\System32\GDI32.dll
0x00007fffb69c0000 - 0x00007fffb6c5a000 	C:\Windows\WinSxS\amd64_microsoft.windows.common-controls_6595b64144ccf1df_6.0.19041.4355_none_60b8b9eb71f62e16\COMCTL32.dll
0x00007fffc5820000 - 0x00007fffc5937000 	C:\Windows\System32\gdi32full.dll
0x00007fffc75b0000 - 0x00007fffc764e000 	C:\Windows\System32\msvcrt.dll
0x00007fffc5970000 - 0x00007fffc5a0d000 	C:\Windows\System32\msvcp_win.dll
0x00007fffc6a80000 - 0x00007fffc6aaf000 	C:\Windows\System32\IMM32.DLL
0x00007fffc0c10000 - 0x00007fffc0c1c000 	C:\Program Files\JetBrains\PhpStorm 2023.3.4\jbr\bin\vcruntime140_1.dll
0x00007fffa5b40000 - 0x00007fffa5bcd000 	C:\Program Files\JetBrains\PhpStorm 2023.3.4\jbr\bin\msvcp140.dll
0x00007fff43c50000 - 0x00007fff448d3000 	C:\Program Files\JetBrains\PhpStorm 2023.3.4\jbr\bin\server\jvm.dll
0x00007fffc7c50000 - 0x00007fffc7d00000 	C:\Windows\System32\ADVAPI32.dll
0x00007fffc7f10000 - 0x00007fffc7fb0000 	C:\Windows\System32\sechost.dll
0x00007fffc7650000 - 0x00007fffc7773000 	C:\Windows\System32\RPCRT4.dll
0x00007fffc57f0000 - 0x00007fffc5817000 	C:\Windows\System32\bcrypt.dll
0x00007fffc5590000 - 0x00007fffc55db000 	C:\Windows\SYSTEM32\POWRPROF.dll
0x00007fffbfd90000 - 0x00007fffbfd99000 	C:\Windows\SYSTEM32\WSOCK32.dll
0x00007fffbbf50000 - 0x00007fffbbf77000 	C:\Windows\SYSTEM32\WINMM.dll
0x00007fffc3ec0000 - 0x00007fffc3eca000 	C:\Windows\SYSTEM32\VERSION.dll
0x00007fffc74f0000 - 0x00007fffc755b000 	C:\Windows\System32\WS2_32.dll
0x00007fffc5570000 - 0x00007fffc5582000 	C:\Windows\SYSTEM32\UMPDC.dll
0x00007fffc3fc0000 - 0x00007fffc3fd2000 	C:\Windows\SYSTEM32\kernel.appcore.dll
0x00007fffc3390000 - 0x00007fffc339a000 	C:\Program Files\JetBrains\PhpStorm 2023.3.4\jbr\bin\jimage.dll
0x00007fffc2a00000 - 0x00007fffc2be4000 	C:\Windows\SYSTEM32\DBGHELP.DLL
0x00007fffb5b80000 - 0x00007fffb5bb4000 	C:\Windows\SYSTEM32\dbgcore.DLL
0x00007fffc60e0000 - 0x00007fffc6162000 	C:\Windows\System32\bcryptPrimitives.dll
0x00007fffb58f0000 - 0x00007fffb5915000 	C:\Program Files\JetBrains\PhpStorm 2023.3.4\jbr\bin\java.dll

dbghelp: loaded successfully - version: 4.0.5 - missing functions: none
symbol engine: initialized successfully - sym options: 0x614 - pdb path: .;C:\Program Files\JetBrains\PhpStorm 2023.3.4\jbr\bin;C:\Windows\SYSTEM32;C:\Windows\WinSxS\amd64_microsoft.windows.common-controls_6595b64144ccf1df_6.0.19041.4355_none_60b8b9eb71f62e16;C:\Program Files\JetBrains\PhpStorm 2023.3.4\jbr\bin\server

VM Arguments:
java_command: git4idea.http.GitAskPassApp Username for 'https://github.com': 
java_class_path (initial): C:/Program Files/JetBrains/PhpStorm 2023.3.4/plugins/vcs-git/lib/git4idea-rt.jar;C:/Program Files/JetBrains/PhpStorm 2023.3.4/lib/externalProcess-rt.jar
Launcher Type: SUN_STANDARD

[Global flags]
     intx CICompilerCount                          = 4                                         {product} {ergonomic}
     uint ConcGCThreads                            = 2                                         {product} {ergonomic}
     uint G1ConcRefinementThreads                  = 8                                         {product} {ergonomic}
   size_t G1HeapRegionSize                         = 1048576                                   {product} {ergonomic}
    uintx GCDrainStackTargetSize                   = 64                                        {product} {ergonomic}
   size_t InitialHeapSize                          = 134217728                                 {product} {ergonomic}
   size_t MarkStackSize                            = 4194304                                   {product} {ergonomic}
   size_t MaxHeapSize                              = 2120220672                                {product} {ergonomic}
   size_t MinHeapDeltaBytes                        = 1048576                                   {product} {ergonomic}
   size_t MinHeapSize                              = 8388608                                   {product} {ergonomic}
    uintx NonNMethodCodeHeapSize                   = 5839372                                {pd product} {ergonomic}
    uintx NonProfiledCodeHeapSize                  = 122909434                              {pd product} {ergonomic}
    uintx ProfiledCodeHeapSize                     = 122909434                              {pd product} {ergonomic}
    uintx ReservedCodeCacheSize                    = 251658240                              {pd product} {ergonomic}
     bool SegmentedCodeCache                       = true                                      {product} {ergonomic}
   size_t SoftMaxHeapSize                          = 2120220672                             {manageable} {ergonomic}
     bool UseCompressedClassPointers               = true                           {product lp64_product} {ergonomic}
     bool UseCompressedOops                        = true                           {product lp64_product} {ergonomic}
     bool UseG1GC                                  = true                                      {product} {ergonomic}
     bool UseLargePagesIndividualAllocation        = false                                  {pd product} {ergonomic}

Logging:
Log output configuration:
 #0: stdout all=warning uptime,level,tags
 #1: stderr all=off uptime,level,tags

Environment Variables:
JAVA_HOME=C:\Program Files\Java\jdk-21
PATH=C:\Program Files\Git\mingw64\libexec\git-core;C:\Program Files\Git\mingw64\libexec\git-core;C:\Program Files\Git\mingw64\bin;C:\Program Files\Git\usr\bin;C:\Users\User\bin;C:\Program Files\Common Files\Oracle\Java\javapath;C:\Program Files (x86)\Common Files\Oracle\Java\javapath;C:\Windows\system32;C:\Windows;C:\Windows\System32\Wbem;C:\Windows\System32\WindowsPowerShell\v1.0;C:\Windows\System32\OpenSSH;C:\Program Files\nodejs;C:\ProgramData\ComposerSetup\bin;C:\Program Files\Certbot\bin;C:\Program Files (x86)\cloudflared;C:\Program Files\Docker\Docker\resources\bin;C:\Program Files\PuTTY;C:\Program Files\MySQL\MySQL Server 8.4\bin;C:\Program Files\Git\cmd;C:\Users\User\AppData\Local\Microsoft\WindowsApps;C:\Users\User\AppData\Local\Programs\Microsoft VS Code\bin;C:\Users\User\AppData\Local\GitHubDesktop\bin;C:\Users\User\AppData\Roaming\npm;C:\Program Files\JetBrains\PhpStorm 2023.3.4\bin;C:\php;C:\OpenSSL-Win64\bin;C:\Users\User\AppData\Roaming\Composer\vendor\bin;C:\curl-8.7.1_6-win64-mingw\bin;C:\xampp\php\php.exe;C:\xampp\php
USERNAME=User
DISPLAY=:0.0
LC_ALL=en_US.UTF-8
TERM=xterm-256color
TMPDIR=C:\Users\User\AppData\Local\Temp
OS=Windows_NT
PROCESSOR_IDENTIFIER=Intel64 Family 6 Model 58 Stepping 9, GenuineIntel
TMP=C:\Users\User\AppData\Local\Temp
TEMP=C:\Users\User\AppData\Local\Temp



Periodic native trim disabled

JNI global refs:
JNI global refs: 0, weak refs: 0

JNI global refs memory usage: 0, weak refs: 0

OOME stack traces (most recent first):
Classloader memory used:


---------------  S Y S T E M  ---------------

OS:
 Windows 10 , 64 bit Build 19041 (10.0.19041.3636)
OS uptime: 4 days 16:56 hours
Hyper-V role detected

CPU: total 8 (initial active 8) (4 cores per cpu, 2 threads per core) family 6 model 58 stepping 9 microcode 0x21, cx8, cmov, fxsr, ht, mmx, sse, sse2, sse3, ssse3, sse4.1, sse4.2, popcnt, tsc, tscinvbit, avx, aes, erms, clmul, vzeroupper, clflush, hv
Processor Information for all 8 processors :
  Max Mhz: 2401, Current Mhz: 2401, Mhz Limit: 2401

Memory: 4k page, system-wide physical 8081M (728M free)
TotalPageFile size 10129M (AvailPageFile size 113M)
current process WorkingSet (physical memory assigned to process): 10M, peak: 10M
current process commit charge ("private bytes"): 60M, peak: 188M

vm_info: OpenJDK 64-Bit Server VM (17.0.10+1-b1087.17) for windows-amd64 JRE (17.0.10+1-b1087.17), built on 2024-01-19 by "builduser" with MS VC++ 16.10 / 16.11 (VS2019)

END.
